
================================================================================
ERROR LOGGED: 2026-05-31T16:37:06.185Z
User ID: RAMIJ.TAKILDAR@ibm.com
================================================================================
Error Name: ContextWindowExceededError
Error Message: Interrupted by System: Context window exceeded.

Your input used 2,03,790 tokens, but the maximum allowed is 2,00,000 tokens. Please try again with a shorter input.

Stack Trace:
ContextWindowExceededError: Interrupted by System: Context window exceeded.

Your input used 2,03,790 tokens, but the maximum allowed is 2,00,000 tokens. Please try again with a shorter input.
    at t.createChatCompletion (file:///opt/homebrew/lib/node_modules/bobshell/bundle/bob.js:777:8745)
    at process.processTicksAndRejections (node:internal/process/task_queues:104:5)
    at async fnt.createChatCompletionWithTokenRenewal (file:///opt/homebrew/lib/node_modules/bobshell/bundle/bob.js:2152:235)
    at async fnt.generateContentStreamInternal (file:///opt/homebrew/lib/node_modules/bobshell/bundle/bob.js:2157:52)
    at async H6.loggingStreamWrapper (file:///opt/homebrew/lib/node_modules/bobshell/bundle/bob.js:800:31296)
    at async gY.processStreamResponse (file:///opt/homebrew/lib/node_modules/bobshell/bundle/bob.js:2463:81)
    at async file:///opt/homebrew/lib/node_modules/bobshell/bundle/bob.js:2457:22044
    at async kQ.run (file:///opt/homebrew/lib/node_modules/bobshell/bundle/bob.js:2463:3153)
    at async nwe.sendMessageStream (file:///opt/homebrew/lib/node_modules/bobshell/bundle/bob.js:2796:511)
    at async file:///opt/homebrew/lib/node_modules/bobshell/bundle/bob.js:4569:10111
================================================================================

